<dec f='include/c++/12/bits/ios_base.h' l='465' type='const std::ios_base::openmode'/>
<use f='include/c++/12/streambuf' l='257' u='r' c='_ZNSt15basic_streambuf10pubseekoffENT0_8off_typeESt12_Ios_SeekdirSt13_Ios_Openmode'/>
<use f='include/c++/12/streambuf' l='269' u='r' c='_ZNSt15basic_streambuf10pubseekposENT0_8pos_typeESt13_Ios_Openmode'/>
<use f='include/c++/12/streambuf' l='608' u='r' c='_ZNSt15basic_streambuf7seekoffENT0_8off_typeESt12_Ios_SeekdirSt13_Ios_Openmode'/>
<use f='include/c++/12/streambuf' l='620' u='r' c='_ZNSt15basic_streambuf7seekposENT0_8pos_typeESt13_Ios_Openmode'/>
<use f='include/c++/12/bits/ostream.tcc' l='257' c='_ZNSt13basic_ostream5tellpEv'/>
<use f='include/c++/12/bits/ostream.tcc' l='271' c='_ZNSt13basic_ostream5seekpENT0_8pos_typeE'/>
<use f='include/c++/12/bits/ostream.tcc' l='291' c='_ZNSt13basic_ostream5seekpENT0_8off_typeESt12_Ios_Seekdir'/>
<use f='include/c++/12/sstream' l='115' u='r' c='_ZNSt7__cxx1115basic_stringbufC1Ev'/>
<use f='include/c++/12/sstream' l='140' u='r' c='_ZNSt7__cxx1115basic_stringbufC1ERKNS_12basic_stringIT_T0_T1_EESt13_Ios_Openmode'/>
<use f='include/c++/12/sstream' l='388' u='r' c='_ZNSt7__cxx1115basic_stringbuf7seekoffENT0_8off_typeESt12_Ios_SeekdirSt13_Ios_Openmode'/>
<use f='include/c++/12/sstream' l='392' u='r' c='_ZNSt7__cxx1115basic_stringbuf7seekposENT0_8pos_typeESt13_Ios_Openmode'/>
<use f='include/c++/12/sstream' l='791' u='r' c='_ZNSt7__cxx1119basic_ostringstreamC1Ev'/>
<use f='include/c++/12/sstream' l='808' u='r' c='_ZNSt7__cxx1119basic_ostringstreamC1ESt13_Ios_Openmode'/>
<use f='include/c++/12/sstream' l='826' u='r' c='_ZNSt7__cxx1119basic_ostringstreamC1ERKNS_12basic_stringIT_T0_T1_EESt13_Ios_Openmode'/>
<use f='include/c++/12/sstream' l='827' u='r' c='_ZNSt7__cxx1119basic_ostringstreamC1ERKNS_12basic_stringIT_T0_T1_EESt13_Ios_Openmode'/>
<use f='include/c++/12/sstream' l='1012' u='r' c='_ZNSt7__cxx1118basic_stringstreamC1Ev'/>
<use f='include/c++/12/sstream' l='1043' u='r' c='_ZNSt7__cxx1118basic_stringstreamC1ERKNS_12basic_stringIT_T0_T1_EESt13_Ios_Openmode'/>
<use f='include/c++/12/bits/sstream.tcc' l='59' c='_ZNSt7__cxx1115basic_stringbuf9pbackfailENT0_8int_typeE'/>
<use f='include/c++/12/bits/sstream.tcc' l='82' c='_ZNSt7__cxx1115basic_stringbuf8overflowENT0_8int_typeE'/>
<use f='include/c++/12/sstream' l='388' u='r' c='_ZNSt7__cxx1115basic_stringbuf7seekoffENT0_8off_typeESt12_Ios_SeekdirSt13_Ios_Openmode'/>
<use f='include/c++/12/bits/sstream.tcc' l='172' c='_ZNSt7__cxx1115basic_stringbuf7seekoffENT0_8off_typeESt12_Ios_SeekdirSt13_Ios_Openmode'/>
<use f='include/c++/12/bits/sstream.tcc' l='174' u='r' c='_ZNSt7__cxx1115basic_stringbuf7seekoffENT0_8off_typeESt12_Ios_SeekdirSt13_Ios_Openmode'/>
<use f='include/c++/12/sstream' l='392' u='r' c='_ZNSt7__cxx1115basic_stringbuf7seekposENT0_8pos_typeESt13_Ios_Openmode'/>
<use f='include/c++/12/bits/sstream.tcc' l='220' c='_ZNSt7__cxx1115basic_stringbuf7seekposENT0_8pos_typeESt13_Ios_Openmode'/>
<use f='include/c++/12/bits/sstream.tcc' l='249' u='r' c='_ZNSt7__cxx1115basic_stringbuf7_M_syncEPT_NS_12basic_stringIS1_T0_T1_E9size_typeES7_'/>
<use f='include/c++/12/fstream' l='422' u='r' c='_ZNSt13basic_filebuf7seekoffENT0_8off_typeESt12_Ios_SeekdirSt13_Ios_Openmode'/>
<use f='include/c++/12/fstream' l='426' u='r' c='_ZNSt13basic_filebuf7seekposENT0_8pos_typeESt13_Ios_Openmode'/>
<use f='include/c++/12/fstream' l='467' u='r' c='_ZNSt13basic_filebuf13_M_set_bufferEl'/>
<use f='include/c++/12/fstream' l='796' u='r' c='_ZNSt14basic_ofstreamC1EPKcSt13_Ios_Openmode'/>
<use f='include/c++/12/fstream' l='831' u='r' c='_ZNSt14basic_ofstreamC1ERKNSt7__cxx1112basic_stringIcSt11char_traitsIcESaIcEEESt13_Ios_Openmode'/>
<use f='include/c++/12/fstream' l='848' u='r' c='_ZNSt14basic_ofstreamC1ERKTL0__St13_Ios_Openmode'/>
<use f='include/c++/12/fstream' l='926' u='r' c='_ZNSt14basic_ofstream4openEPKcSt13_Ios_Openmode'/>
<use f='include/c++/12/fstream' l='928' u='r' c='_ZNSt14basic_ofstream4openEPKcSt13_Ios_Openmode'/>
<use f='include/c++/12/fstream' l='965' u='r' c='_ZNSt14basic_ofstream4openERKNSt7__cxx1112basic_stringIcSt11char_traitsIcESaIcEEESt13_Ios_Openmode'/>
<use f='include/c++/12/fstream' l='967' u='r' c='_ZNSt14basic_ofstream4openERKNSt7__cxx1112basic_stringIcSt11char_traitsIcESaIcEEESt13_Ios_Openmode'/>
<use f='include/c++/12/fstream' l='986' u='r' c='_ZNSt14basic_ofstream4openERKTL0__St13_Ios_Openmode'/>
<use f='include/c++/12/fstream' l='1059' u='r' c='_ZNSt13basic_fstreamC1EPKcSt13_Ios_Openmode'/>
<use f='include/c++/12/fstream' l='1089' u='r' c='_ZNSt13basic_fstreamC1ERKNSt7__cxx1112basic_stringIcSt11char_traitsIcESaIcEEESt13_Ios_Openmode'/>
<use f='include/c++/12/fstream' l='1104' u='r' c='_ZNSt13basic_fstreamC1ERKTL0__St13_Ios_Openmode'/>
<use f='include/c++/12/fstream' l='1183' u='r' c='_ZNSt13basic_fstream4openEPKcSt13_Ios_Openmode'/>
<use f='include/c++/12/fstream' l='1224' u='r' c='_ZNSt13basic_fstream4openERKNSt7__cxx1112basic_stringIcSt11char_traitsIcESaIcEEESt13_Ios_Openmode'/>
<use f='include/c++/12/fstream' l='1246' u='r' c='_ZNSt13basic_fstream4openERKTL0__St13_Ios_Openmode'/>
<use f='include/c++/12/bits/fstream.tcc' l='546' u='r' c='_ZNSt13basic_filebuf8overflowENT0_8int_typeE'/>
<use f='include/c++/12/bits/fstream.tcc' l='762' u='r' c='_ZNSt13basic_filebuf6xsputnEPKT_l'/>
<use f='include/c++/12/fstream' l='422' u='r' c='_ZNSt13basic_filebuf7seekoffENT0_8off_typeESt12_Ios_SeekdirSt13_Ios_Openmode'/>
<use f='include/c++/12/fstream' l='426' u='r' c='_ZNSt13basic_filebuf7seekposENT0_8pos_typeESt13_Ios_Openmode'/>
<doc f='include/c++/12/bits/ios_base.h' l='464'>/// Open for output.  Default for @c ofstream and fstream.</doc>
<use f='tvm/src/runtime/file_utils.cc' l='131' u='r' c='_ZN3tvm7runtime16SaveBinaryToFileERKNSt7__cxx1112basic_stringIcSt11char_traitsIcESaIcEEES8_'/>
