<def f='tvm/src/relay/backend/contrib/codegen_c/codegen_c.h' l='40' ll='45'/>
<use f='tvm/src/relay/backend/contrib/codegen_c/codegen_c.h' l='50'/>
<use f='tvm/src/relay/backend/contrib/codegen_c/codegen_c.h' l='163' c='_ZN3tvm5relay7contrib12CodegenCBase20GenerateBackendCFuncERKNSt7__cxx1112basic_stringIcSt11char_traitsIcESaIcEEERKNS_7runtime5ArrayINS0_3VarEvEESA_RKS3605651'/>
<use f='tvm/src/relay/backend/contrib/codegen_c/codegen_c.h' l='265' c='_ZN3tvm5relay7contrib12CodegenCBase3JITB5cxx11ERKSt6vectorINS1_6OutputESaIS4_EE'/>
<use f='tvm/src/relay/backend/contrib/codegen_c/codegen_c.h' l='284' c='_ZN3tvm5relay7contrib12CodegenCBase7JitImplERKNSt7__cxx1112basic_stringIcSt11char_traitsIcESaIcEEERKNS_7runtime5ArrayINS0_3VarEvEERKSt6vectorIS8_SaIS85945552'/>
<use f='tvm/src/relay/backend/contrib/codegen_c/codegen.cc' l='54'/>
<use f='tvm/src/relay/backend/contrib/codegen_c/codegen.cc' l='68' c='_ZN3tvm5relay7contrib8CodegenC3JITB5cxx11ERKSt6vectorINS1_6OutputESaIS4_EE'/>
<use f='tvm/src/relay/backend/contrib/codegen_c/codegen.cc' l='77' c='_ZN3tvm5relay7contrib8CodegenC17VisitExprDefault_EPKNS_7runtime6ObjectE'/>
<use f='tvm/src/relay/backend/contrib/codegen_c/codegen.cc' l='81' c='_ZN3tvm5relay7contrib8CodegenC10VisitExpr_EPKNS0_7VarNodeE'/>
<use f='tvm/src/relay/backend/contrib/codegen_c/codegen.cc' l='83' c='_ZN3tvm5relay7contrib8CodegenC10VisitExpr_EPKNS0_7VarNodeE'/>
<use f='tvm/src/relay/backend/contrib/codegen_c/codegen.cc' l='88' c='_ZN3tvm5relay7contrib8CodegenC10VisitExpr_EPKNS0_9TupleNodeE'/>
<use f='tvm/src/relay/backend/contrib/codegen_c/codegen.cc' l='89' c='_ZN3tvm5relay7contrib8CodegenC10VisitExpr_EPKNS0_9TupleNodeE'/>
<use f='tvm/src/relay/backend/contrib/codegen_c/codegen.cc' l='98' c='_ZN3tvm5relay7contrib8CodegenC10VisitExpr_EPKNS0_16TupleGetItemNodeE'/>
<use f='tvm/src/relay/backend/contrib/codegen_c/codegen.cc' l='107' c='_ZN3tvm5relay7contrib8CodegenC10VisitExpr_EPKNS0_12ConstantNodeE'/>
<use f='tvm/src/relay/backend/contrib/codegen_c/codegen.cc' l='114' c='_ZN3tvm5relay7contrib8CodegenC10VisitExpr_EPKNS0_12ConstantNodeE'/>
<use f='tvm/src/relay/backend/contrib/codegen_c/codegen.cc' l='140' c='_ZN3tvm5relay7contrib8CodegenC10VisitExpr_EPKNS0_8CallNodeE'/>
<use f='tvm/src/relay/backend/contrib/codegen_c/codegen.cc' l='202' c='_ZN3tvm5relay7contrib8CodegenC10VisitExpr_EPKNS0_8CallNodeE'/>
<use f='tvm/src/relay/backend/contrib/codegen_c/codegen.cc' l='314' c='_ZN3tvm5relay7contrib14CodegenCModule8GenCFuncERKNS0_8FunctionE'/>
<size>72</size>
<mbr r='tvm::relay::contrib::Output::name' o='0' t='std::string'/>
<mbr r='tvm::relay::contrib::Output::dtype' o='256' t='std::string'/>
<mbr r='tvm::relay::contrib::Output::size' o='512' t='int'/>
<mbr r='tvm::relay::contrib::Output::need_copy' o='544' t='bool'/>
