<use f='tvm/include/tvm/tir/schedule/trace.h' l='128' c='_ZNK3tvm3tir9TraceNode12WithDecisionENS0_11InstructionENS_7runtime9ObjectRefEb'/>
<use f='tvm/include/tvm/tir/schedule/trace.h' l='134' c='_ZNK3tvm3tir9TraceNode10SimplifiedEb'/>
<inh f='tvm/include/tvm/runtime/object.h' l='511' c='tvm::runtime::ObjectRef'/>
<def f='tvm/include/tvm/tir/schedule/trace.h' l='141' ll='159'/>
<use f='tvm/include/tvm/tir/schedule/trace.h' l='158' c='_ZN3tvm3tir5TraceC1ERKS1_'/>
<use f='tvm/include/tvm/tir/schedule/trace.h' l='158' c='_ZN3tvm3tir5TraceC1EOS1_'/>
<use f='tvm/include/tvm/tir/schedule/trace.h' l='158' c='_ZN3tvm3tir5TraceaSERKS1_'/>
<use f='tvm/include/tvm/tir/schedule/trace.h' l='158' c='_ZN3tvm3tir5TraceaSERKS1_'/>
<use f='tvm/include/tvm/tir/schedule/trace.h' l='158' c='_ZN3tvm3tir5TraceaSEOS1_'/>
<use f='tvm/include/tvm/tir/schedule/trace.h' l='158' c='_ZN3tvm3tir5TraceaSEOS1_'/>
<use f='tvm/include/tvm/tir/schedule/schedule.h' l='117' c='_ZNK3tvm3tir12ScheduleNode5traceEv'/>
<use f='tvm/include/tvm/meta_schedule/database.h' l='117'/>
<use f='tvm/include/tvm/meta_schedule/database.h' l='163' c='_ZN3tvm13meta_schedule12TuningRecordC1ENS_3tir5TraceENS0_8WorkloadENS_7runtime8OptionalINS5_5ArrayINS_8FloatImmEvEEEENS6_INS_6TargetEEENS6_INS7_INS0_7ArgInfoEvEEEE'/>
<use f='tvm/include/tvm/meta_schedule/mutator.h' l='58' c='_ZN3tvm13meta_schedule11MutatorNode5ApplyERKNS_3tir5TraceEPl'/>
<use f='tvm/include/tvm/meta_schedule/mutator.h' l='58' c='_ZN3tvm13meta_schedule11MutatorNode5ApplyERKNS_3tir5TraceEPl'/>
<use f='tvm/include/tvm/meta_schedule/mutator.h' l='87'/>
<use f='tvm/include/tvm/meta_schedule/mutator.h' l='88'/>
<use f='tvm/include/tvm/meta_schedule/mutator.h' l='168' c='_ZN3tvm13meta_schedule13PyMutatorNode5ApplyERKNS_3tir5TraceEPl'/>
<use f='tvm/include/tvm/meta_schedule/mutator.h' l='168' c='_ZN3tvm13meta_schedule13PyMutatorNode5ApplyERKNS_3tir5TraceEPl'/>
<use f='tvm/src/meta_schedule/utils.h' l='316' c='_ZN3tvm13meta_schedule18ThreadedTraceApply5ApplyERKNS_8IRModuleERKNS_3tir5TraceEPl'/>
<size>8</size>
<doc f='tvm/include/tvm/tir/schedule/trace.h' l='137'>/*!
 * \brief Managed reference to TraceNode
 * \sa TraceNode
 */</doc>
<fun r='_ZN3tvm3tir5TraceC1Ev'/>
<fun r='_ZN3tvm3tir5TraceC1ENS_7runtime5ArrayINS0_11InstructionEvEENS2_3MapIS4_NS2_9ObjectRefEvvEE'/>
<fun r='_ZN3tvm3tir5Trace19ApplyJSONToScheduleENS_7runtime9ObjectRefENS0_8ScheduleE'/>
<fun r='_ZN3tvm3tir5TraceC1ENS_7runtime9ObjectPtrINS2_6ObjectEEE'/>
<fun r='_ZN3tvm3tir5TraceC1ERKS1_'/>
<fun r='_ZN3tvm3tir5TraceC1EOS1_'/>
<fun r='_ZNK3tvm3tir5Trace3getEv'/>
<smbr r='tvm::tir::Trace::_type_is_nullable' t='const bool'/>
<use f='tvm/src/meta_schedule/database/database.cc' l='74' c='_ZN3tvm13meta_schedule12TuningRecordC1ENS_3tir5TraceENS0_8WorkloadENS_7runtime8OptionalINS5_5ArrayINS_8FloatImmEvEEEENS6_INS_6TargetEEENS6_INS7_INS0_7ArgInfoEvEEEE'/>
<use f='tvm/src/meta_schedule/database/database.cc' l='117' c='_ZN3tvm13meta_schedule12TuningRecord8FromJSONERKNS_7runtime9ObjectRefERKNS0_8WorkloadE'/>
<use f='tvm/src/meta_schedule/database/database.cc' l='254'/>
<size>8</size>
<use f='tvm/src/meta_schedule/mutator/mutator.cc' l='30' c='_ZN3tvm13meta_schedule13PyMutatorNode5ApplyERKNS_3tir5TraceEPl'/>
<use f='tvm/src/meta_schedule/mutator/mutator.cc' l='31' c='_ZN3tvm13meta_schedule13PyMutatorNode5ApplyERKNS_3tir5TraceEPl'/>
<use f='tvm/src/meta_schedule/mutator/mutator.cc' l='94'/>
<use f='tvm/src/meta_schedule/mutator/mutator.cc' l='94'/>
<size>8</size>
<use f='tvm/src/meta_schedule/postproc/rewrite_cooperative_fetch.cc' l='122' c='_ZN3tvm13meta_schedule27RewriteCooperativeFetchNode5ApplyERKNS_3tir8ScheduleE'/>
<size>8</size>
<use f='tvm/src/meta_schedule/schedule_rule/cross_thread_reduction.cc' l='149' c='_ZN3tvm13meta_schedule24CrossThreadReductionNode21GetLoopRVExtentSourceERKNS_3tir5TraceERKNS2_6LoopRVEPNS_8PrimExprE'/>
<use f='tvm/src/meta_schedule/schedule_rule/cross_thread_reduction.cc' l='168' c='_ZN3tvm13meta_schedule24CrossThreadReductionNode27GetThreadIdxExtentFromTraceERKNS_3tir5TraceE'/>
<size>8</size>
<use f='tvm/src/meta_schedule/search_strategy/evolutionary_search.cc' l='262'/>
<use f='tvm/src/meta_schedule/search_strategy/evolutionary_search.cc' l='472' c='_ZN3tvm13meta_schedule22EvolutionarySearchNode5State20PickBestFromDatabaseEi'/>
<use f='tvm/src/meta_schedule/search_strategy/evolutionary_search.cc' l='486' c='_ZN3tvm13meta_schedule22EvolutionarySearchNode5State20PickBestFromDatabaseEi'/>
<use f='tvm/src/meta_schedule/search_strategy/evolutionary_search.cc' l='513' c='_ZN3tvm13meta_schedule22EvolutionarySearchNode5State20SampleInitPopulationEi'/>
<use f='tvm/src/meta_schedule/search_strategy/evolutionary_search.cc' l='586' c='_ZN3tvm13meta_schedule22EvolutionarySearchNode5State19EvolveWithCostModelESt6vectorINS_3tir8ScheduleESaIS5_EEi'/>
<use f='tvm/src/meta_schedule/search_strategy/evolutionary_search.cc' l='590' c='_ZN3tvm13meta_schedule22EvolutionarySearchNode5State19EvolveWithCostModelESt6vectorINS_3tir8ScheduleESaIS5_EEi'/>
<size>8</size>
<use f='tvm/src/meta_schedule/search_strategy/replay_trace.cc' l='32'/>
<use f='tvm/src/meta_schedule/search_strategy/replay_trace.cc' l='45' c='_ZN3tvm13meta_schedule15ReplayTraceNode5StateC1EPS1_NS_7runtime5ArrayINS_3tir5TraceEvEEii'/>
<use f='tvm/src/meta_schedule/search_strategy/replay_trace.cc' l='112' c='_ZN3tvm13meta_schedule15ReplayTraceNode9PreTuningEiiRKNS_7runtime5ArrayINS_3tir8ScheduleEvEERKNS2_8OptionalINS0_8DatabaseEEERKNS9_INS0_9CostModelEEE'/>
<use f='tvm/src/meta_schedule/search_strategy/replay_trace.cc' l='162' c='_ZN3tvm13meta_schedule15ReplayTraceNode5State25GenerateMeasureCandidatesEv'/>
<use f='tvm/src/meta_schedule/search_strategy/replay_trace.cc' l='163' c='_ZN3tvm13meta_schedule15ReplayTraceNode5State25GenerateMeasureCandidatesEv'/>
<use f='tvm/src/meta_schedule/search_strategy/replay_trace.cc' l='163' c='_ZN3tvm13meta_schedule15ReplayTraceNode5State25GenerateMeasureCandidatesEv'/>
<size>8</size>
<use f='tvm/src/meta_schedule/task_scheduler/task_scheduler.cc' l='166' c='_ZN3tvm13meta_schedule17TaskSchedulerNode4TuneENS_7runtime5ArrayINS0_11TuneContextEvEENS3_INS_8FloatImmEvEEiiiNS0_7BuilderENS0_6RunnerENS3_INS0_15Meas9556795'/>
<size>8</size>
<use f='tvm/src/tir/schedule/concrete_schedule.h' l='66' c='_ZNK3tvm3tir20ConcreteScheduleNode5traceEv'/>
<size>8</size>
<use f='tvm/src/tir/schedule/trace.cc' l='417' c='_ZNK3tvm3tir9TraceNode12WithDecisionENS0_11InstructionENS_7runtime9ObjectRefEb'/>
<use f='tvm/src/tir/schedule/trace.cc' l='423' c='_ZNK3tvm3tir9TraceNode12WithDecisionENS0_11InstructionENS_7runtime9ObjectRefEb'/>
<use f='tvm/src/tir/schedule/trace.cc' l='426' c='_ZNK3tvm3tir9TraceNode10SimplifiedEb'/>
<use f='tvm/src/tir/schedule/trace.cc' l='472' c='_ZNK3tvm3tir9TraceNode10SimplifiedEb'/>
<use f='tvm/src/tir/schedule/trace.cc' l='530'/>
<use f='tvm/src/tir/schedule/trace.cc' l='534'/>
<use f='tvm/src/tir/schedule/trace.cc' l='536'/>
<use f='tvm/src/tir/schedule/trace.cc' l='543'/>
<use f='tvm/src/tir/schedule/trace.cc' l='545'/>
<use f='tvm/src/tir/schedule/trace.cc' l='546'/>
<use f='tvm/src/tir/schedule/trace.cc' l='547'/>
<use f='tvm/src/tir/schedule/trace.cc' l='549'/>
<use f='tvm/src/tir/schedule/trace.cc' l='550'/>
<size>8</size>
<fun r='_ZN3tvm3tir5TraceC1Ev'/>
<fun r='_ZN3tvm3tir5TraceC1ENS_7runtime5ArrayINS0_11InstructionEvEENS2_3MapIS4_NS2_9ObjectRefEvvEE'/>
<fun r='_ZN3tvm3tir5Trace19ApplyJSONToScheduleENS_7runtime9ObjectRefENS0_8ScheduleE'/>
<use f='tvm/src/tir/schedule/traced_schedule.h' l='31'/>
<use f='tvm/src/tir/schedule/traced_schedule.h' l='45' c='_ZNK3tvm3tir18TracedScheduleNode5traceEv'/>
<use f='tvm/src/tir/schedule/traced_schedule.cc' l='31' c='_ZN3tvm3tir8Schedule6TracedENS_8IRModuleEliNS0_24ScheduleErrorRenderLevelE'/>
<use f='tvm/src/tir/schedule/traced_schedule.cc' l='49' c='_ZN3tvm3tir18TracedScheduleNode4CopyEv'/>
<size>8</size>
