<use f='tvm/meta_schedule/utils.h' l='269' c='_ZN3tvm13meta_schedule18ThreadedTraceApply5ApplyERKNS_8IRModuleERKNS_3tir5TraceEPl'/>
<size>8</size>
<use f='tvm/meta_schedule/database/database.cc' l='77' c='_ZN3tvm13meta_schedule12TuningRecordC1ENS_3tir5TraceENS0_8WorkloadENS_7runtime8OptionalINS5_5ArrayINS_8FloatImmEvEEEENS6_INS_6TargetEEENS6_INS7_INS0_7ArgInfoEvEEEE'/>
<use f='tvm/meta_schedule/database/database.cc' l='116' c='_ZN3tvm13meta_schedule12TuningRecord8FromJSONERKNS_7runtime9ObjectRefERKNS0_8WorkloadE'/>
<use f='tvm/meta_schedule/database/database.cc' l='188'/>
<size>8</size>
<use f='tvm/meta_schedule/mutator/mutator.cc' l='30' c='_ZN3tvm13meta_schedule13PyMutatorNode5ApplyERKNS_3tir5TraceEPl'/>
<use f='tvm/meta_schedule/mutator/mutator.cc' l='31' c='_ZN3tvm13meta_schedule13PyMutatorNode5ApplyERKNS_3tir5TraceEPl'/>
<use f='tvm/meta_schedule/mutator/mutator.cc' l='62'/>
<use f='tvm/meta_schedule/mutator/mutator.cc' l='62'/>
<size>8</size>
<use f='tvm/meta_schedule/postproc/rewrite_cooperative_fetch.cc' l='117' c='_ZN3tvm13meta_schedule27RewriteCooperativeFetchNode5ApplyERKNS_3tir8ScheduleE'/>
<size>8</size>
<use f='tvm/meta_schedule/schedule_rule/cross_thread_reduction.cc' l='147' c='_ZN3tvm13meta_schedule24CrossThreadReductionNode21GetLoopRVExtentSourceERKNS_3tir5TraceERKNS2_6LoopRVEPNS_8PrimExprE'/>
<use f='tvm/meta_schedule/schedule_rule/cross_thread_reduction.cc' l='166' c='_ZN3tvm13meta_schedule24CrossThreadReductionNode27GetThreadIdxExtentFromTraceERKNS_3tir5TraceE'/>
<size>8</size>
<use f='tvm/meta_schedule/search_strategy/evolutionary_search.cc' l='242'/>
<use f='tvm/meta_schedule/search_strategy/evolutionary_search.cc' l='263' c='_ZN3tvm13meta_schedule22EvolutionarySearchNode5StateC1EPS1_NS_7runtime5ArrayINS_3tir5TraceEvEENS0_8DatabaseENS0_9CostModelE'/>
<use f='tvm/meta_schedule/search_strategy/evolutionary_search.cc' l='410' c='_ZN3tvm13meta_schedule22EvolutionarySearchNode9PreTuningERKNS_7runtime5ArrayINS_3tir8ScheduleEvEERKNS2_8OptionalINS0_8DatabaseEEERKNS9_INS0_9CostModelEEE'/>
<use f='tvm/meta_schedule/search_strategy/evolutionary_search.cc' l='438' c='_ZN3tvm13meta_schedule22EvolutionarySearchNode5State20PickBestFromDatabaseEi'/>
<use f='tvm/meta_schedule/search_strategy/evolutionary_search.cc' l='452' c='_ZN3tvm13meta_schedule22EvolutionarySearchNode5State20PickBestFromDatabaseEi'/>
<use f='tvm/meta_schedule/search_strategy/evolutionary_search.cc' l='479' c='_ZN3tvm13meta_schedule22EvolutionarySearchNode5State20SampleInitPopulationEi'/>
<use f='tvm/meta_schedule/search_strategy/evolutionary_search.cc' l='552' c='_ZN3tvm13meta_schedule22EvolutionarySearchNode5State19EvolveWithCostModelESt6vectorINS_3tir8ScheduleESaIS5_EEi'/>
<use f='tvm/meta_schedule/search_strategy/evolutionary_search.cc' l='556' c='_ZN3tvm13meta_schedule22EvolutionarySearchNode5State19EvolveWithCostModelESt6vectorINS_3tir8ScheduleESaIS5_EEi'/>
<size>8</size>
<use f='tvm/meta_schedule/search_strategy/replay_trace.cc' l='32'/>
<use f='tvm/meta_schedule/search_strategy/replay_trace.cc' l='41' c='_ZN3tvm13meta_schedule15ReplayTraceNode5StateC1EPS1_NS_7runtime5ArrayINS_3tir5TraceEvEE'/>
<use f='tvm/meta_schedule/search_strategy/replay_trace.cc' l='98' c='_ZN3tvm13meta_schedule15ReplayTraceNode9PreTuningERKNS_7runtime5ArrayINS_3tir8ScheduleEvEERKNS2_8OptionalINS0_8DatabaseEEERKNS9_INS0_9CostModelEEE'/>
<use f='tvm/meta_schedule/search_strategy/replay_trace.cc' l='141' c='_ZN3tvm13meta_schedule15ReplayTraceNode5State25GenerateMeasureCandidatesEv'/>
<use f='tvm/meta_schedule/search_strategy/replay_trace.cc' l='142' c='_ZN3tvm13meta_schedule15ReplayTraceNode5State25GenerateMeasureCandidatesEv'/>
<use f='tvm/meta_schedule/search_strategy/replay_trace.cc' l='142' c='_ZN3tvm13meta_schedule15ReplayTraceNode5State25GenerateMeasureCandidatesEv'/>
<size>8</size>
<use f='tvm/meta_schedule/task_scheduler/task_scheduler.cc' l='44' c='_ZN3tvm13meta_schedule17TaskSchedulerNode14InitializeTaskEi'/>
<size>8</size>
<use f='tvm/tir/schedule/concrete_schedule.h' l='66' c='_ZNK3tvm3tir20ConcreteScheduleNode5traceEv'/>
<size>8</size>
<use f='tvm/tir/schedule/trace.cc' l='414' c='_ZNK3tvm3tir9TraceNode12WithDecisionENS0_11InstructionENS_7runtime9ObjectRefEb'/>
<use f='tvm/tir/schedule/trace.cc' l='420' c='_ZNK3tvm3tir9TraceNode12WithDecisionENS0_11InstructionENS_7runtime9ObjectRefEb'/>
<use f='tvm/tir/schedule/trace.cc' l='423' c='_ZNK3tvm3tir9TraceNode10SimplifiedEb'/>
<use f='tvm/tir/schedule/trace.cc' l='469' c='_ZNK3tvm3tir9TraceNode10SimplifiedEb'/>
<use f='tvm/tir/schedule/trace.cc' l='521'/>
<use f='tvm/tir/schedule/trace.cc' l='525'/>
<use f='tvm/tir/schedule/trace.cc' l='527'/>
<use f='tvm/tir/schedule/trace.cc' l='534'/>
<use f='tvm/tir/schedule/trace.cc' l='536'/>
<use f='tvm/tir/schedule/trace.cc' l='537'/>
<use f='tvm/tir/schedule/trace.cc' l='538'/>
<use f='tvm/tir/schedule/trace.cc' l='540'/>
<use f='tvm/tir/schedule/trace.cc' l='541'/>
<size>8</size>
<fun r='_ZN3tvm3tir5TraceC1Ev'/>
<fun r='_ZN3tvm3tir5TraceC1ENS_7runtime5ArrayINS0_11InstructionEvEENS2_3MapIS4_NS2_9ObjectRefEvvEE'/>
<fun r='_ZN3tvm3tir5Trace19ApplyJSONToScheduleENS_7runtime9ObjectRefENS0_8ScheduleE'/>
<use f='tvm/tir/schedule/traced_schedule.h' l='31'/>
<use f='tvm/tir/schedule/traced_schedule.h' l='45' c='_ZNK3tvm3tir18TracedScheduleNode5traceEv'/>
<use f='tvm/tir/schedule/traced_schedule.cc' l='31' c='_ZN3tvm3tir8Schedule6TracedENS_8IRModuleEliNS0_24ScheduleErrorRenderLevelE'/>
<use f='tvm/tir/schedule/traced_schedule.cc' l='49' c='_ZN3tvm3tir18TracedScheduleNode4CopyEv'/>
<size>8</size>
